1.7696 	WARNING 	We strongly recommend you activate the PTB sound engine in PsychoPy prefs as the preferred audio engine. Its timing is vastly superior. Your prefs are currently set to use ['sounddevice', 'PTB', 'pyo', 'pygame'] (in that order).
6.3694 	WARNING 	User requested fullscreen with size [1536  864], but screen is actually [1920, 1080]. Using actual size
8.1998 	EXP 	Created window1 = Window(allowGUI=False, allowStencil=False, autoLog=True, backendConf=UNKNOWN, bitsMode=UNKNOWN, blendMode='avg', bpc=(8, 8, 8), color=array([0, 0, 0]), colorSpace='rgb', depthBits=8, fullscr=<method-wrapper '__getattribute__' of attributeSetter object at 0x0000020A423129E8>, gamma=None, gammaErrorPolicy='raise', lms=UNKNOWN, monitor=<psychopy.monitors.calibTools.Monitor object at 0x0000020A4BC14EB8>, multiSample=False, name='window1', numSamples=2, pos=[0.0, 0.0], screen=0, size=array([1920, 1080]), stencilBits=0, stereo=False, units='norm', useFBO=True, useRetina=False, viewOri=0.0, viewPos=None, viewScale=None, waitBlanking=True, winType='pyglet')
8.2005 	EXP 	window1: mouseVisible = True
8.2006 	EXP 	window1: recordFrameIntervals = False
8.3640 	EXP 	window1: recordFrameIntervals = True
8.5484 	EXP 	window1: recordFrameIntervals = False
8.8884 	EXP 	Created text = TextStim(__class__=<class 'psychopy.visual.text.TextStim'>, alignHoriz=method-wrapper(...), alignText='center', alignVert=method-wrapper(...), anchorHoriz='center', anchorVert='center', antialias=True, autoLog=True, bold=False, color=array([1., 1., 1.]), colorSpace='rgb', contrast=1.0, depth=0.0, flipHoriz=False, flipVert=False, font='Arial', fontFiles=[], height=0.1, italic=False, languageStyle='LTR', name='text', opacity=1, ori=0, pos=array([0., 0.]), rgb=UNKNOWN, text=str(...), units='norm', win=Window(...), wrapWidth=1)
8.8903 	EXP 	Created A = Rect(__class__=<class 'psychopy.visual.rect.Rect'>, autoDraw=False, autoLog=True, closeShape=True, color=method-wrapper(...), colorSpace='rgb', contrast=None, depth=-1.0, fillColor=array([1, 1, 1]), fillColorSpace='rgb', fillRGB=array([1, 1, 1]), interpolate=True, lineColor=array([1., 1., 1.]), lineColorSpace='rgb', lineRGB=array([1, 1, 1]), lineWidth=1, name='A', opacity=1, ori=0.0, pos=array([0., 0.]), size=array([1., 1.]), units='cm', vertices=ndarray(...), win=Window(...))
8.8912 	EXP 	Created B = Rect(__class__=<class 'psychopy.visual.rect.Rect'>, autoDraw=False, autoLog=True, closeShape=True, color=method-wrapper(...), colorSpace='rgb', contrast=None, depth=-2.0, fillColor=array([1, 1, 1]), fillColorSpace='rgb', fillRGB=array([1, 1, 1]), interpolate=True, lineColor=array([1., 1., 1.]), lineColorSpace='rgb', lineRGB=array([1, 1, 1]), lineWidth=1, name='B', opacity=1, ori=0.0, pos=array([0., 0.]), size=array([1., 1.]), units='cm', vertices=ndarray(...), win=Window(...))
8.9010 	EXP 	Created text_2 = TextStim(__class__=<class 'psychopy.visual.text.TextStim'>, alignHoriz=method-wrapper(...), alignText='center', alignVert=method-wrapper(...), anchorHoriz='center', anchorVert='center', antialias=True, autoLog=True, bold=False, color=array([1., 1., 1.]), colorSpace='rgb', contrast=1.0, depth=-5.0, flipHoriz=False, flipVert=False, font='Open Sans', fontFiles=[], height=0.1, italic=False, languageStyle='LTR', name='text_2', opacity=1, ori=0.0, pos=array([0., 0.]), rgb=UNKNOWN, text='Please record your answer ', units='norm', win=Window(...), wrapWidth=1)
8.9307 	EXP 	text: autoDraw = True
23.2108 	EXP 	Created sequence: random, trialTypes=1, nReps=60, seed=None
23.2124 	EXP 	New trial (rep=0, index=0): None
23.2192 	DATA 	Keypress: lwindows
23.2220 	EXP 	text: autoDraw = False
23.2220 	EXP 	A: autoDraw = True
23.2220 	EXP 	B: autoDraw = True
23.4887 	DATA 	Keypress: lshift
25.2181 	EXP 	window1: recordFrameIntervals = False
25.2339 	EXP 	A: autoDraw = False
25.2339 	EXP 	B: autoDraw = False
25.2344 	EXP 	window1: recordFrameIntervals = False
25.5123 	EXP 	text_2: autoDraw = True
28.7210 	DATA 	Keypress: space
30.8194 	DATA 	Keypress: y
30.8406 	EXP 	New trial (rep=1, index=0): None
30.8465 	EXP 	A: autoDraw = False
30.8465 	EXP 	B: autoDraw = False
30.8465 	EXP 	text_2: autoDraw = False
30.8465 	EXP 	A: autoDraw = True
30.8465 	EXP 	B: autoDraw = True
32.8443 	EXP 	window1: recordFrameIntervals = False
32.8607 	EXP 	A: autoDraw = False
32.8607 	EXP 	B: autoDraw = False
32.8608 	EXP 	window1: recordFrameIntervals = False
33.1379 	EXP 	text_2: autoDraw = True
34.4705 	EXP 	New trial (rep=2, index=0): None
34.4754 	DATA 	Keypress: n
34.4780 	EXP 	A: autoDraw = False
34.4780 	EXP 	B: autoDraw = False
34.4780 	EXP 	text_2: autoDraw = False
34.4780 	EXP 	A: autoDraw = True
34.4780 	EXP 	B: autoDraw = True
35.9630 	DATA 	Keypress: escape
36.1584 	EXP 	window1: mouseVisible = True
