0.9532 	WARNING 	We strongly recommend you activate the PTB sound engine in PsychoPy prefs as the preferred audio engine. Its timing is vastly superior. Your prefs are currently set to use ['sounddevice', 'PTB', 'pyo', 'pygame'] (in that order).
4.4360 	WARNING 	User requested fullscreen with size [1536  864], but screen is actually [1920, 1080]. Using actual size
6.1761 	EXP 	Created window1 = Window(allowGUI=False, allowStencil=False, args=UNKNOWN, autoLog=True, bitsMode=UNKNOWN, blendMode='avg', bpc=(8, 8, 8), color=array([0., 0., 0.]), colorSpace='rgb', depthBits=8, fullscr=<method-wrapper '__getattribute__' of attributeSetter object at 0x0000019014910588>, gamma=None, gammaErrorPolicy='raise', kwargs=UNKNOWN, lms=UNKNOWN, monitor=<psychopy.monitors.calibTools.Monitor object at 0x00000190148D7C50>, multiSample=False, name='window1', numSamples=2, pos=[0.0, 0.0], screen=0, size=array([1920, 1080]), stencilBits=0, stereo=False, units='norm', useFBO=True, useRetina=False, viewOri=0.0, viewPos=None, viewScale=None, waitBlanking=True, winType='pyglet')
6.1765 	EXP 	window1: mouseVisible = True
6.1766 	EXP 	window1: recordFrameIntervals = False
6.3417 	EXP 	window1: recordFrameIntervals = True
6.5253 	EXP 	window1: recordFrameIntervals = False
6.6522 	EXP 	Created text = TextStim(__class__=<class 'psychopy.visual.text.TextStim'>, alignHoriz=method-wrapper(...), alignText='center', alignVert=method-wrapper(...), anchorHoriz='center', anchorVert='center', antialias=True, autoLog=True, bold=False, color='white', colorSpace='named', contrast=1.0, depth=0.0, flipHoriz=False, flipVert=False, font='Arial', fontFiles=[], height=0.1, italic=False, languageStyle='LTR', name='text', opacity=1.0, ori=0, pos=array([0., 0.]), rgb=array([255., 255., 255.]), text=str(...), units='norm', win=Window(...), wrapWidth=1)
6.6534 	EXP 	Created A = Rect(__class__=<class 'psychopy.visual.rect.Rect'>, autoDraw=False, autoLog=True, closeShape=True, color=method-wrapper(...), colorSpace=None, contrast=1.0, depth=-1.0, fillColor=array([1., 1., 1.]), fillColorSpace='rgb', fillRGB=array([1., 1., 1.]), interpolate=True, lineColor=array([1., 1., 1.]), lineColorSpace='rgb', lineRGB=array([1., 1., 1.]), lineWidth=1, name='A', opacity=1.0, ori=array(0.), pos=array([0., 0.]), size=array([1., 1.]), units='cm', vertices=ndarray(...), win=Window(...))
6.6543 	EXP 	Created B = Rect(__class__=<class 'psychopy.visual.rect.Rect'>, autoDraw=False, autoLog=True, closeShape=True, color=method-wrapper(...), colorSpace=None, contrast=1.0, depth=-2.0, fillColor=array([1., 1., 1.]), fillColorSpace='rgb', fillRGB=array([1., 1., 1.]), interpolate=True, lineColor=array([1., 1., 1.]), lineColorSpace='rgb', lineRGB=array([1., 1., 1.]), lineWidth=1, name='B', opacity=1.0, ori=array(0.), pos=array([0., 0.]), size=array([1., 1.]), units='cm', vertices=ndarray(...), win=Window(...))
6.6831 	EXP 	text: autoDraw = True
7.3136 	EXP 	Created sequence: random, trialTypes=1, nReps=60, seed=None
7.3141 	EXP 	New trial (rep=0, index=0): None
7.3187 	DATA 	Keypress: space
7.3239 	EXP 	text: autoDraw = False
7.3239 	EXP 	A: autoDraw = True
7.3239 	EXP 	A: pos = array([-19.5806832,   0.       ])
7.3239 	EXP 	B: autoDraw = True
7.3239 	EXP 	B: pos = array([0., 0.])
7.3412 	EXP 	A: pos = array([-19.1355792,   0.       ])
7.3412 	EXP 	B: pos = array([0., 0.])
7.3577 	EXP 	A: pos = array([-18.47664719,   0.        ])
7.3577 	EXP 	B: pos = array([0., 0.])
7.3742 	EXP 	A: pos = array([-17.83208719,   0.        ])
7.3742 	EXP 	B: pos = array([0., 0.])
7.3907 	EXP 	A: pos = array([-17.17182719,   0.        ])
7.3907 	EXP 	B: pos = array([0., 0.])
7.4074 	EXP 	A: pos = array([-16.51428719,   0.        ])
7.4074 	EXP 	B: pos = array([0., 0.])
7.4240 	EXP 	A: pos = array([-15.8485112,   0.       ])
7.4240 	EXP 	B: pos = array([0., 0.])
7.4407 	EXP 	A: pos = array([-15.1836272,   0.       ])
7.4407 	EXP 	B: pos = array([0., 0.])
7.4574 	EXP 	A: pos = array([-14.51483119,   0.        ])
7.4574 	EXP 	B: pos = array([0., 0.])
7.4742 	EXP 	A: pos = array([-13.84483519,   0.        ])
7.4742 	EXP 	B: pos = array([0., 0.])
7.4906 	EXP 	A: pos = array([-13.1752912,   0.       ])
7.4906 	EXP 	B: pos = array([0., 0.])
7.5074 	EXP 	A: pos = array([-12.5179352,   0.       ])
7.5074 	EXP 	B: pos = array([0., 0.])
7.5241 	EXP 	A: pos = array([-11.8455752,   0.       ])
7.5241 	EXP 	B: pos = array([0., 0.])
7.5408 	EXP 	A: pos = array([-11.1776152,   0.       ])
7.5408 	EXP 	B: pos = array([0., 0.])
7.5571 	EXP 	A: pos = array([-10.51151919,   0.        ])
7.5571 	EXP 	B: pos = array([0., 0.])
7.5737 	EXP 	A: pos = array([-9.85788319,  0.        ])
7.5737 	EXP 	B: pos = array([0., 0.])
7.5904 	EXP 	A: pos = array([-9.19809519,  0.        ])
7.5904 	EXP 	B: pos = array([0., 0.])
7.6073 	EXP 	A: pos = array([-8.50453519,  0.        ])
7.6073 	EXP 	B: pos = array([0., 0.])
7.6239 	EXP 	A: pos = array([-7.85494319,  0.        ])
7.6239 	EXP 	B: pos = array([0., 0.])
7.6403 	EXP 	A: pos = array([-7.18999119,  0.        ])
7.6403 	EXP 	B: pos = array([0., 0.])
7.6573 	EXP 	A: pos = array([-6.5329552,  0.       ])
7.6573 	EXP 	B: pos = array([0., 0.])
7.6736 	EXP 	A: pos = array([-5.85128319,  0.        ])
7.6736 	EXP 	B: pos = array([0., 0.])
7.6902 	EXP 	A: pos = array([-5.19917119,  0.        ])
7.6902 	EXP 	B: pos = array([0., 0.])
7.7070 	EXP 	A: pos = array([-4.52467119,  0.        ])
7.7070 	EXP 	B: pos = array([0., 0.])
7.7237 	EXP 	A: pos = array([-3.8627552,  0.       ])
7.7237 	EXP 	B: pos = array([0., 0.])
7.7404 	EXP 	A: pos = array([-3.1970392,  0.       ])
7.7404 	EXP 	B: pos = array([0., 0.])
7.7570 	EXP 	A: pos = array([-2.5260032,  0.       ])
7.7570 	EXP 	B: pos = array([0., 0.])
7.7738 	EXP 	A: pos = array([-1.8647992,  0.       ])
7.7738 	EXP 	B: pos = array([0., 0.])
7.7907 	EXP 	A: pos = array([-1.1928992,  0.       ])
7.7907 	EXP 	B: pos = array([0., 0.])
7.8072 	EXP 	A: pos = array([-0.51063519,  0.        ])
7.8072 	EXP 	B: pos = array([0., 0.])
7.8240 	EXP 	A: pos = array([-0.51063519,  0.        ])
7.8240 	EXP 	B: pos = array([0., 0.])
7.8407 	EXP 	A: pos = array([-0.51063519,  0.        ])
7.8407 	EXP 	B: pos = array([0., 0.])
7.8575 	EXP 	A: pos = array([-0.51063519,  0.        ])
7.8575 	EXP 	B: pos = array([0., 0.])
7.8737 	EXP 	A: pos = array([-0.51063519,  0.        ])
7.8737 	EXP 	B: pos = array([0., 0.])
7.8902 	EXP 	A: pos = array([-0.51063519,  0.        ])
7.8902 	EXP 	B: pos = array([0., 0.])
7.9069 	EXP 	A: pos = array([-0.51063519,  0.        ])
7.9069 	EXP 	B: pos = array([0., 0.])
7.9237 	EXP 	A: pos = array([-0.51063519,  0.        ])
7.9237 	EXP 	B: pos = array([0., 0.])
7.9402 	EXP 	A: pos = array([-0.51063519,  0.        ])
7.9402 	EXP 	B: pos = array([0., 0.])
7.9569 	EXP 	A: pos = array([-0.51063519,  0.        ])
7.9569 	EXP 	B: pos = array([0., 0.])
7.9735 	EXP 	A: pos = array([-0.51063519,  0.        ])
7.9735 	EXP 	B: pos = array([0., 0.])
7.9900 	EXP 	A: pos = array([-0.51063519,  0.        ])
7.9900 	EXP 	B: pos = array([0., 0.])
8.0067 	EXP 	A: pos = array([-0.51063519,  0.        ])
8.0067 	EXP 	B: pos = array([0., 0.])
8.0235 	EXP 	A: pos = array([-0.51063519,  0.        ])
8.0235 	EXP 	B: pos = array([0., 0.])
8.0404 	EXP 	A: pos = array([-0.51063519,  0.        ])
8.0404 	EXP 	B: pos = array([0., 0.])
8.0569 	EXP 	A: pos = array([-0.51063519,  0.        ])
8.0569 	EXP 	B: pos = array([0., 0.])
8.0735 	EXP 	A: pos = array([-0.51063519,  0.        ])
8.0735 	EXP 	B: pos = array([0., 0.])
8.0902 	EXP 	A: pos = array([-0.51063519,  0.        ])
8.0902 	EXP 	B: pos = array([0., 0.])
8.1066 	EXP 	A: pos = array([-0.51063519,  0.        ])
8.1066 	EXP 	B: pos = array([0., 0.])
8.1233 	EXP 	A: pos = array([-0.51063519,  0.        ])
8.1233 	EXP 	B: pos = array([0., 0.])
8.1398 	EXP 	A: pos = array([-0.51063519,  0.        ])
8.1398 	EXP 	B: pos = array([0., 0.])
8.1567 	EXP 	A: pos = array([-0.51063519,  0.        ])
8.1567 	EXP 	B: pos = array([0., 0.])
8.1734 	EXP 	A: pos = array([-0.51063519,  0.        ])
8.1734 	EXP 	B: pos = array([0., 0.])
8.1903 	EXP 	A: pos = array([-0.51063519,  0.        ])
8.1903 	EXP 	B: pos = array([0., 0.])
8.2069 	EXP 	A: pos = array([-0.51063519,  0.        ])
8.2069 	EXP 	B: pos = array([0., 0.])
8.2234 	EXP 	A: pos = array([-0.51063519,  0.        ])
8.2234 	EXP 	B: pos = array([0., 0.])
8.2401 	EXP 	A: pos = array([-0.51063519,  0.        ])
8.2401 	EXP 	B: pos = array([0.645764, 0.      ])
8.2568 	EXP 	A: pos = array([-0.51063519,  0.        ])
8.2568 	EXP 	B: pos = array([1.314812, 0.      ])
8.2734 	EXP 	A: pos = array([-0.51063519,  0.        ])
8.2734 	EXP 	B: pos = array([1.990016, 0.      ])
8.2898 	EXP 	A: pos = array([-0.51063519,  0.        ])
8.2898 	EXP 	B: pos = array([2.645028, 0.      ])
8.3068 	EXP 	A: pos = array([-0.51063519,  0.        ])
8.3068 	EXP 	B: pos = array([3.303716, 0.      ])
8.3234 	EXP 	A: pos = array([-0.51063519,  0.        ])
8.3234 	EXP 	B: pos = array([3.98034, 0.     ])
8.3399 	EXP 	A: pos = array([-0.51063519,  0.        ])
8.3399 	EXP 	B: pos = array([4.647084, 0.      ])
8.3568 	EXP 	A: pos = array([-0.51063519,  0.        ])
8.3568 	EXP 	B: pos = array([5.304916, 0.      ])
8.3731 	EXP 	A: pos = array([-0.51063519,  0.        ])
8.3731 	EXP 	B: pos = array([5.982868, 0.      ])
8.3898 	EXP 	A: pos = array([-0.51063519,  0.        ])
8.3898 	EXP 	B: pos = array([6.635596, 0.      ])
8.4067 	EXP 	A: pos = array([-0.51063519,  0.        ])
8.4067 	EXP 	B: pos = array([7.301116, 0.      ])
8.4232 	EXP 	A: pos = array([-0.51063519,  0.        ])
8.4232 	EXP 	B: pos = array([7.976712, 0.      ])
8.4399 	EXP 	A: pos = array([-0.51063519,  0.        ])
8.4399 	EXP 	B: pos = array([8.638264, 0.      ])
8.4566 	EXP 	A: pos = array([-0.51063519,  0.        ])
8.4566 	EXP 	B: pos = array([9.321832, 0.      ])
8.4731 	EXP 	A: pos = array([-0.51063519,  0.        ])
8.4731 	EXP 	B: pos = array([9.97532, 0.     ])
8.4898 	EXP 	A: pos = array([-0.51063519,  0.        ])
8.4898 	EXP 	B: pos = array([10.63432,  0.     ])
8.5064 	EXP 	A: pos = array([-0.51063519,  0.        ])
8.5064 	EXP 	B: pos = array([11.300864,  0.      ])
8.5231 	EXP 	A: pos = array([-0.51063519,  0.        ])
8.5231 	EXP 	B: pos = array([11.966636,  0.      ])
8.5398 	EXP 	A: pos = array([-0.51063519,  0.        ])
8.5398 	EXP 	B: pos = array([12.638952,  0.      ])
8.5563 	EXP 	A: pos = array([-0.51063519,  0.        ])
8.5563 	EXP 	B: pos = array([13.30122,  0.     ])
8.5732 	EXP 	A: pos = array([-0.51063519,  0.        ])
8.5732 	EXP 	B: pos = array([13.963636,  0.      ])
8.5899 	EXP 	A: pos = array([-0.51063519,  0.        ])
8.5899 	EXP 	B: pos = array([14.636892,  0.      ])
8.6064 	EXP 	A: pos = array([-0.51063519,  0.        ])
8.6064 	EXP 	B: pos = array([15.306368,  0.      ])
8.6231 	EXP 	A: pos = array([-0.51063519,  0.        ])
8.6231 	EXP 	B: pos = array([15.966396,  0.      ])
8.6396 	EXP 	A: pos = array([-0.51063519,  0.        ])
8.6396 	EXP 	B: pos = array([16.63458,  0.     ])
8.6564 	EXP 	A: pos = array([-0.51063519,  0.        ])
8.6564 	EXP 	B: pos = array([17.303304,  0.      ])
8.6732 	EXP 	A: pos = array([-0.51063519,  0.        ])
8.6732 	EXP 	B: pos = array([17.96756,  0.     ])
8.6896 	EXP 	A: pos = array([-0.51063519,  0.        ])
8.6896 	EXP 	B: pos = array([18.63694,  0.     ])
8.7061 	EXP 	A: pos = array([-0.51063519,  0.        ])
8.7061 	EXP 	B: pos = array([19.2933,  0.    ])
8.7230 	EXP 	A: pos = array([-0.51063519,  0.        ])
8.7230 	EXP 	B: pos = array([19.950928,  0.      ])
8.7396 	EXP 	A: pos = array([-0.51063519,  0.        ])
8.7396 	EXP 	B: pos = array([20.63002,  0.     ])
8.7561 	EXP 	A: pos = array([-0.51063519,  0.        ])
8.7561 	EXP 	B: pos = array([20.63002,  0.     ])
8.7730 	EXP 	A: pos = array([-0.51063519,  0.        ])
8.7730 	EXP 	B: pos = array([20.63002,  0.     ])
8.7896 	EXP 	A: pos = array([-0.51063519,  0.        ])
8.7896 	EXP 	B: pos = array([20.63002,  0.     ])
8.8062 	EXP 	A: pos = array([-0.51063519,  0.        ])
8.8062 	EXP 	B: pos = array([20.63002,  0.     ])
8.8228 	EXP 	A: pos = array([-0.51063519,  0.        ])
8.8228 	EXP 	B: pos = array([20.63002,  0.     ])
8.8395 	EXP 	A: pos = array([-0.51063519,  0.        ])
8.8395 	EXP 	B: pos = array([20.63002,  0.     ])
8.8562 	EXP 	A: pos = array([-0.51063519,  0.        ])
8.8562 	EXP 	B: pos = array([20.63002,  0.     ])
8.8728 	EXP 	A: pos = array([-0.51063519,  0.        ])
8.8728 	EXP 	B: pos = array([20.63002,  0.     ])
8.8893 	EXP 	A: pos = array([-0.51063519,  0.        ])
8.8893 	EXP 	B: pos = array([20.63002,  0.     ])
8.8981 	EXP 	New trial (rep=1, index=0): None
8.9009 	DATA 	Keypress: n
8.9061 	EXP 	A: pos = array([-0.51063519,  0.        ])
8.9061 	EXP 	B: pos = array([20.63002,  0.     ])
8.9061 	EXP 	A: autoDraw = False
8.9061 	EXP 	B: autoDraw = False
8.9061 	EXP 	A: autoDraw = True
8.9061 	EXP 	A: pos = array([-19.6874912,   0.       ])
8.9061 	EXP 	B: autoDraw = True
8.9061 	EXP 	B: pos = array([0., 0.])
8.9228 	EXP 	A: pos = array([-19.31338719,   0.        ])
8.9228 	EXP 	B: pos = array([0., 0.])
8.9393 	EXP 	A: pos = array([-18.7001712,   0.       ])
8.9393 	EXP 	B: pos = array([0., 0.])
8.9559 	EXP 	A: pos = array([-18.0413032,   0.       ])
8.9559 	EXP 	B: pos = array([0., 0.])
8.9728 	EXP 	A: pos = array([-17.3769632,   0.       ])
8.9728 	EXP 	B: pos = array([0., 0.])
8.9894 	EXP 	A: pos = array([-16.7005072,   0.       ])
8.9894 	EXP 	B: pos = array([0., 0.])
9.0058 	EXP 	A: pos = array([-16.03601119,   0.        ])
9.0058 	EXP 	B: pos = array([0., 0.])
9.0225 	EXP 	A: pos = array([-15.3782272,   0.       ])
9.0225 	EXP 	B: pos = array([0., 0.])
9.0393 	EXP 	A: pos = array([-14.7110712,   0.       ])
9.0393 	EXP 	B: pos = array([0., 0.])
9.0561 	EXP 	A: pos = array([-14.0413712,   0.       ])
9.0561 	EXP 	B: pos = array([0., 0.])
9.0725 	EXP 	A: pos = array([-13.3683512,   0.       ])
9.0725 	EXP 	B: pos = array([0., 0.])
9.0893 	EXP 	A: pos = array([-12.6992392,   0.       ])
9.0893 	EXP 	B: pos = array([0., 0.])
9.1060 	EXP 	A: pos = array([-12.0384072,   0.       ])
9.1060 	EXP 	B: pos = array([0., 0.])
9.1228 	EXP 	A: pos = array([-11.37215519,   0.        ])
9.1228 	EXP 	B: pos = array([0., 0.])
9.1391 	EXP 	A: pos = array([-10.6985312,   0.       ])
9.1391 	EXP 	B: pos = array([0., 0.])
9.1559 	EXP 	A: pos = array([-10.04547919,   0.        ])
9.1559 	EXP 	B: pos = array([0., 0.])
9.1725 	EXP 	A: pos = array([-9.35912319,  0.        ])
9.1725 	EXP 	B: pos = array([0., 0.])
9.1893 	EXP 	A: pos = array([-8.7128392,  0.       ])
9.1893 	EXP 	B: pos = array([0., 0.])
9.2059 	EXP 	A: pos = array([-8.0295272,  0.       ])
9.2059 	EXP 	B: pos = array([0., 0.])
9.2226 	EXP 	A: pos = array([-7.33221119,  0.        ])
9.2226 	EXP 	B: pos = array([0., 0.])
9.2393 	EXP 	A: pos = array([-6.70657519,  0.        ])
9.2393 	EXP 	B: pos = array([0., 0.])
9.2559 	EXP 	A: pos = array([-6.0370072,  0.       ])
9.2559 	EXP 	B: pos = array([0., 0.])
9.2724 	EXP 	A: pos = array([-5.37367919,  0.        ])
9.2724 	EXP 	B: pos = array([0., 0.])
9.2892 	EXP 	A: pos = array([-4.71649519,  0.        ])
9.2892 	EXP 	B: pos = array([0., 0.])
9.3059 	EXP 	A: pos = array([-4.0424592,  0.       ])
9.3059 	EXP 	B: pos = array([0., 0.])
9.3222 	EXP 	A: pos = array([-3.3754312,  0.       ])
9.3222 	EXP 	B: pos = array([0., 0.])
9.3394 	EXP 	A: pos = array([-2.72486719,  0.        ])
9.3394 	EXP 	B: pos = array([0., 0.])
9.3557 	EXP 	A: pos = array([-2.0354512,  0.       ])
9.3557 	EXP 	B: pos = array([0., 0.])
9.3722 	EXP 	A: pos = array([-1.3847712,  0.       ])
9.3722 	EXP 	B: pos = array([0., 0.])
9.3889 	EXP 	A: pos = array([-0.7189272,  0.       ])
9.3889 	EXP 	B: pos = array([0., 0.])
9.4055 	EXP 	A: pos = array([-0.7189272,  0.       ])
9.4055 	EXP 	B: pos = array([0., 0.])
9.4224 	EXP 	A: pos = array([-0.7189272,  0.       ])
9.4224 	EXP 	B: pos = array([0., 0.])
9.4392 	EXP 	A: pos = array([-0.7189272,  0.       ])
9.4392 	EXP 	B: pos = array([0., 0.])
9.4558 	EXP 	A: pos = array([-0.7189272,  0.       ])
9.4558 	EXP 	B: pos = array([0., 0.])
9.4721 	EXP 	A: pos = array([-0.7189272,  0.       ])
9.4721 	EXP 	B: pos = array([0., 0.])
9.4888 	EXP 	A: pos = array([-0.7189272,  0.       ])
9.4888 	EXP 	B: pos = array([0., 0.])
9.5056 	EXP 	A: pos = array([-0.7189272,  0.       ])
9.5056 	EXP 	B: pos = array([0., 0.])
9.5225 	EXP 	A: pos = array([-0.7189272,  0.       ])
9.5225 	EXP 	B: pos = array([0., 0.])
9.5390 	EXP 	A: pos = array([-0.7189272,  0.       ])
9.5390 	EXP 	B: pos = array([0., 0.])
9.5554 	EXP 	A: pos = array([-0.7189272,  0.       ])
9.5554 	EXP 	B: pos = array([0., 0.])
9.5723 	EXP 	A: pos = array([-0.7189272,  0.       ])
9.5723 	EXP 	B: pos = array([0., 0.])
9.5889 	EXP 	A: pos = array([-0.7189272,  0.       ])
9.5889 	EXP 	B: pos = array([0., 0.])
9.6053 	EXP 	A: pos = array([-0.7189272,  0.       ])
9.6053 	EXP 	B: pos = array([0., 0.])
9.6222 	EXP 	A: pos = array([-0.7189272,  0.       ])
9.6222 	EXP 	B: pos = array([0., 0.])
9.6386 	EXP 	A: pos = array([-0.7189272,  0.       ])
9.6386 	EXP 	B: pos = array([0., 0.])
9.6553 	EXP 	A: pos = array([-0.7189272,  0.       ])
9.6553 	EXP 	B: pos = array([0., 0.])
9.6723 	EXP 	A: pos = array([-0.7189272,  0.       ])
9.6723 	EXP 	B: pos = array([0., 0.])
9.6887 	EXP 	A: pos = array([-0.7189272,  0.       ])
9.6887 	EXP 	B: pos = array([0., 0.])
9.7056 	EXP 	A: pos = array([-0.7189272,  0.       ])
9.7056 	EXP 	B: pos = array([0., 0.])
9.7221 	EXP 	A: pos = array([-0.7189272,  0.       ])
9.7221 	EXP 	B: pos = array([0., 0.])
9.7389 	EXP 	A: pos = array([-0.7189272,  0.       ])
9.7389 	EXP 	B: pos = array([0.329468, 0.      ])
9.7553 	EXP 	A: pos = array([-0.7189272,  0.       ])
9.7553 	EXP 	B: pos = array([0.999852, 0.      ])
9.7722 	EXP 	A: pos = array([-0.7189272,  0.       ])
9.7722 	EXP 	B: pos = array([1.656464, 0.      ])
9.7888 	EXP 	A: pos = array([-0.7189272,  0.       ])
9.7888 	EXP 	B: pos = array([2.33307999, 0.        ])
9.8055 	EXP 	A: pos = array([-0.7189272,  0.       ])
9.8055 	EXP 	B: pos = array([2.998976, 0.      ])
9.8220 	EXP 	A: pos = array([-0.7189272,  0.       ])
9.8220 	EXP 	B: pos = array([3.665236, 0.      ])
9.8386 	EXP 	A: pos = array([-0.7189272,  0.       ])
9.8386 	EXP 	B: pos = array([4.32370799, 0.        ])
9.8556 	EXP 	A: pos = array([-0.7189272,  0.       ])
9.8556 	EXP 	B: pos = array([4.99089599, 0.        ])
9.8720 	EXP 	A: pos = array([-0.7189272,  0.       ])
9.8720 	EXP 	B: pos = array([5.66952799, 0.        ])
9.8886 	EXP 	A: pos = array([-0.7189272,  0.       ])
9.8886 	EXP 	B: pos = array([6.324496, 0.      ])
9.9054 	EXP 	A: pos = array([-0.7189272,  0.       ])
9.9054 	EXP 	B: pos = array([6.987188, 0.      ])
9.9140 	EXP 	New trial (rep=2, index=0): None
9.9167 	DATA 	Keypress: n
9.9218 	EXP 	A: pos = array([-0.7189272,  0.       ])
9.9218 	EXP 	B: pos = array([7.65974399, 0.        ])
9.9218 	EXP 	A: autoDraw = False
9.9218 	EXP 	B: autoDraw = False
9.9218 	EXP 	A: autoDraw = True
9.9218 	EXP 	A: pos = array([-19.6799512,   0.       ])
9.9218 	EXP 	B: autoDraw = True
9.9218 	EXP 	B: pos = array([0., 0.])
9.9385 	EXP 	A: pos = array([-19.2902352,   0.       ])
9.9385 	EXP 	B: pos = array([0., 0.])
9.9553 	EXP 	A: pos = array([-18.7011552,   0.       ])
9.9553 	EXP 	B: pos = array([0., 0.])
9.9717 	EXP 	A: pos = array([-18.0288752,   0.       ])
9.9717 	EXP 	B: pos = array([0., 0.])
9.9887 	EXP 	A: pos = array([-17.3709592,   0.       ])
9.9887 	EXP 	B: pos = array([0., 0.])
10.0053 	EXP 	A: pos = array([-16.6929152,   0.       ])
10.0053 	EXP 	B: pos = array([0., 0.])
10.0219 	EXP 	A: pos = array([-16.0277712,   0.       ])
10.0219 	EXP 	B: pos = array([0., 0.])
10.0386 	EXP 	A: pos = array([-15.3629152,   0.       ])
10.0386 	EXP 	B: pos = array([0., 0.])
10.0553 	EXP 	A: pos = array([-14.6955272,   0.       ])
10.0553 	EXP 	B: pos = array([0., 0.])
10.0719 	EXP 	A: pos = array([-14.0296712,   0.       ])
10.0719 	EXP 	B: pos = array([0., 0.])
10.0884 	EXP 	A: pos = array([-13.3633232,   0.       ])
10.0884 	EXP 	B: pos = array([0., 0.])
10.1052 	EXP 	A: pos = array([-12.7018232,   0.       ])
10.1052 	EXP 	B: pos = array([0., 0.])
10.1217 	EXP 	A: pos = array([-12.0315632,   0.       ])
10.1217 	EXP 	B: pos = array([0., 0.])
10.1384 	EXP 	A: pos = array([-11.3626792,   0.       ])
10.1384 	EXP 	B: pos = array([0., 0.])
10.1550 	EXP 	A: pos = array([-10.6911032,   0.       ])
10.1550 	EXP 	B: pos = array([0., 0.])
10.1718 	EXP 	A: pos = array([-10.0388992,   0.       ])
10.1718 	EXP 	B: pos = array([0., 0.])
10.1885 	EXP 	A: pos = array([-9.3668472,  0.       ])
10.1885 	EXP 	B: pos = array([0., 0.])
10.2049 	EXP 	A: pos = array([-8.7001432,  0.       ])
10.2049 	EXP 	B: pos = array([0., 0.])
10.2217 	EXP 	A: pos = array([-8.0409512,  0.       ])
10.2217 	EXP 	B: pos = array([0., 0.])
10.2385 	EXP 	A: pos = array([-7.3701392,  0.       ])
10.2385 	EXP 	B: pos = array([0., 0.])
10.2550 	EXP 	A: pos = array([-6.6987792,  0.       ])
10.2550 	EXP 	B: pos = array([0., 0.])
10.2717 	EXP 	A: pos = array([-6.0379392,  0.       ])
10.2717 	EXP 	B: pos = array([0., 0.])
10.2884 	EXP 	A: pos = array([-5.3675032,  0.       ])
10.2884 	EXP 	B: pos = array([0., 0.])
10.3049 	EXP 	A: pos = array([-4.7035112,  0.       ])
10.3049 	EXP 	B: pos = array([0., 0.])
10.3217 	EXP 	A: pos = array([-4.0437992,  0.       ])
10.3217 	EXP 	B: pos = array([0., 0.])
10.3384 	EXP 	A: pos = array([-3.3492152,  0.       ])
10.3384 	EXP 	B: pos = array([0., 0.])
10.3549 	EXP 	A: pos = array([-2.7016152,  0.       ])
10.3549 	EXP 	B: pos = array([0., 0.])
10.3717 	EXP 	A: pos = array([-2.0259512,  0.       ])
10.3717 	EXP 	B: pos = array([0., 0.])
10.3884 	EXP 	A: pos = array([-1.3710432,  0.       ])
10.3884 	EXP 	B: pos = array([0., 0.])
10.4050 	EXP 	A: pos = array([-0.6845192,  0.       ])
10.4050 	EXP 	B: pos = array([0., 0.])
10.4218 	EXP 	A: pos = array([-0.6845192,  0.       ])
10.4218 	EXP 	B: pos = array([0., 0.])
10.4384 	EXP 	A: pos = array([-0.6845192,  0.       ])
10.4384 	EXP 	B: pos = array([0.670756, 0.      ])
10.4549 	EXP 	A: pos = array([-0.6845192,  0.       ])
10.4549 	EXP 	B: pos = array([1.333884, 0.      ])
10.4714 	EXP 	A: pos = array([-0.6845192,  0.       ])
10.4714 	EXP 	B: pos = array([1.996308, 0.      ])
10.4883 	EXP 	A: pos = array([-0.6845192,  0.       ])
10.4883 	EXP 	B: pos = array([2.702056, 0.      ])
10.5047 	EXP 	A: pos = array([-0.6845192,  0.       ])
10.5047 	EXP 	B: pos = array([3.35648, 0.     ])
10.5217 	EXP 	A: pos = array([-0.6845192,  0.       ])
10.5217 	EXP 	B: pos = array([3.988044, 0.      ])
10.5379 	EXP 	A: pos = array([-0.6845192,  0.       ])
10.5379 	EXP 	B: pos = array([4.66481999, 0.        ])
10.5544 	EXP 	A: pos = array([-0.6845192,  0.       ])
10.5544 	EXP 	B: pos = array([5.320208, 0.      ])
10.5714 	EXP 	A: pos = array([-0.6845192,  0.       ])
10.5714 	EXP 	B: pos = array([5.974508, 0.      ])
10.5880 	EXP 	A: pos = array([-0.6845192,  0.       ])
10.5880 	EXP 	B: pos = array([6.651216, 0.      ])
10.6048 	EXP 	A: pos = array([-0.6845192,  0.       ])
10.6048 	EXP 	B: pos = array([7.317064, 0.      ])
10.6214 	EXP 	A: pos = array([-0.6845192,  0.       ])
10.6214 	EXP 	B: pos = array([7.988, 0.   ])
10.6379 	EXP 	A: pos = array([-0.6845192,  0.       ])
10.6379 	EXP 	B: pos = array([8.654936, 0.      ])
10.6547 	EXP 	A: pos = array([-0.6845192,  0.       ])
10.6547 	EXP 	B: pos = array([9.313832, 0.      ])
10.6713 	EXP 	A: pos = array([-0.6845192,  0.       ])
10.6713 	EXP 	B: pos = array([9.98462, 0.     ])
10.6880 	EXP 	A: pos = array([-0.6845192,  0.       ])
10.6880 	EXP 	B: pos = array([10.648092,  0.      ])
10.7045 	EXP 	A: pos = array([-0.6845192,  0.       ])
10.7045 	EXP 	B: pos = array([11.319088,  0.      ])
10.7212 	EXP 	A: pos = array([-0.6845192,  0.       ])
10.7212 	EXP 	B: pos = array([11.976436,  0.      ])
10.7381 	EXP 	A: pos = array([-0.6845192,  0.       ])
10.7381 	EXP 	B: pos = array([12.650976,  0.      ])
10.7547 	EXP 	A: pos = array([-0.6845192,  0.       ])
10.7547 	EXP 	B: pos = array([13.32298,  0.     ])
10.7623 	EXP 	New trial (rep=3, index=0): None
10.7656 	DATA 	Keypress: y
10.7713 	EXP 	A: pos = array([-0.6845192,  0.       ])
10.7713 	EXP 	B: pos = array([13.985188,  0.      ])
10.7713 	EXP 	A: autoDraw = False
10.7713 	EXP 	B: autoDraw = False
10.7713 	EXP 	A: autoDraw = True
10.7713 	EXP 	A: pos = array([-19.6406832,   0.       ])
10.7713 	EXP 	B: autoDraw = True
10.7713 	EXP 	B: pos = array([0., 0.])
10.7877 	EXP 	A: pos = array([-19.2273192,   0.       ])
10.7877 	EXP 	B: pos = array([0., 0.])
10.8046 	EXP 	A: pos = array([-18.62467119,   0.        ])
10.8046 	EXP 	B: pos = array([0., 0.])
10.8212 	EXP 	A: pos = array([-17.9505672,   0.       ])
10.8212 	EXP 	B: pos = array([0., 0.])
10.8379 	EXP 	A: pos = array([-17.2841152,   0.       ])
10.8379 	EXP 	B: pos = array([0., 0.])
10.8546 	EXP 	A: pos = array([-16.6170392,   0.       ])
10.8546 	EXP 	B: pos = array([0., 0.])
10.8711 	EXP 	A: pos = array([-15.9507672,   0.       ])
10.8711 	EXP 	B: pos = array([0., 0.])
10.8877 	EXP 	A: pos = array([-15.2841912,   0.       ])
10.8877 	EXP 	B: pos = array([0., 0.])
10.9043 	EXP 	A: pos = array([-14.60979519,   0.        ])
10.9043 	EXP 	B: pos = array([0., 0.])
10.9212 	EXP 	A: pos = array([-13.9613472,   0.       ])
10.9212 	EXP 	B: pos = array([0., 0.])
10.9380 	EXP 	A: pos = array([-13.2841192,   0.       ])
10.9380 	EXP 	B: pos = array([0., 0.])
10.9543 	EXP 	A: pos = array([-12.6152712,   0.       ])
10.9543 	EXP 	B: pos = array([0., 0.])
10.9709 	EXP 	A: pos = array([-11.9635952,   0.       ])
10.9709 	EXP 	B: pos = array([0., 0.])
10.9880 	EXP 	A: pos = array([-11.29897919,   0.        ])
10.9880 	EXP 	B: pos = array([0., 0.])
11.0045 	EXP 	A: pos = array([-10.6155352,   0.       ])
11.0045 	EXP 	B: pos = array([0., 0.])
11.0211 	EXP 	A: pos = array([-9.9569312,  0.       ])
11.0211 	EXP 	B: pos = array([0., 0.])
11.0375 	EXP 	A: pos = array([-9.2891992,  0.       ])
11.0375 	EXP 	B: pos = array([0., 0.])
11.0544 	EXP 	A: pos = array([-8.6332032,  0.       ])
11.0544 	EXP 	B: pos = array([0., 0.])
11.0710 	EXP 	A: pos = array([-7.9563312,  0.       ])
11.0710 	EXP 	B: pos = array([0., 0.])
11.0877 	EXP 	A: pos = array([-7.2933432,  0.       ])
11.0877 	EXP 	B: pos = array([0., 0.])
11.1043 	EXP 	A: pos = array([-6.6274832,  0.       ])
11.1043 	EXP 	B: pos = array([0., 0.])
11.1210 	EXP 	A: pos = array([-5.9614952,  0.       ])
11.1210 	EXP 	B: pos = array([0., 0.])
11.1260 	DATA 	Keypress: escape
11.1375 	EXP 	A: pos = array([-5.2953232,  0.       ])
11.1375 	EXP 	B: pos = array([0., 0.])
11.1542 	EXP 	A: pos = array([-4.6357232,  0.       ])
11.1542 	EXP 	B: pos = array([0., 0.])
11.1711 	EXP 	A: pos = array([-3.9491832,  0.       ])
11.1711 	EXP 	B: pos = array([0., 0.])
11.1876 	EXP 	A: pos = array([-3.2915232,  0.       ])
11.1876 	EXP 	B: pos = array([0., 0.])
11.2041 	EXP 	A: pos = array([-2.6180432,  0.       ])
11.2041 	EXP 	B: pos = array([0., 0.])
11.2207 	EXP 	A: pos = array([-1.9711752,  0.       ])
11.2207 	EXP 	B: pos = array([0., 0.])
11.4104 	EXP 	window1: mouseVisible = True
