1.7525 	WARNING 	We strongly recommend you activate the PTB sound engine in PsychoPy prefs as the preferred audio engine. Its timing is vastly superior. Your prefs are currently set to use ['sounddevice', 'PTB', 'pyo', 'pygame'] (in that order).
5.7549 	WARNING 	User requested fullscreen with size [1536  864], but screen is actually [1920, 1080]. Using actual size
7.5839 	EXP 	Created window1 = Window(allowGUI=False, allowStencil=False, autoLog=True, backendConf=UNKNOWN, bitsMode=UNKNOWN, blendMode='avg', bpc=(8, 8, 8), color=array([0, 0, 0]), colorSpace='rgb', depthBits=8, fullscr=<method-wrapper '__getattribute__' of attributeSetter object at 0x0000029A6911DA58>, gamma=None, gammaErrorPolicy='raise', lms=UNKNOWN, monitor=<psychopy.monitors.calibTools.Monitor object at 0x0000029A6A4E3F28>, multiSample=False, name='window1', numSamples=2, pos=[0.0, 0.0], screen=0, size=array([1920, 1080]), stencilBits=0, stereo=False, units='norm', useFBO=True, useRetina=False, viewOri=0.0, viewPos=None, viewScale=None, waitBlanking=True, winType='pyglet')
7.5846 	EXP 	window1: mouseVisible = True
7.5848 	EXP 	window1: recordFrameIntervals = False
7.7487 	EXP 	window1: recordFrameIntervals = True
7.9314 	EXP 	window1: recordFrameIntervals = False
8.2614 	EXP 	Created text = TextStim(__class__=<class 'psychopy.visual.text.TextStim'>, alignHoriz=method-wrapper(...), alignText='center', alignVert=method-wrapper(...), anchorHoriz='center', anchorVert='center', antialias=True, autoLog=True, bold=False, color=array([1., 1., 1.]), colorSpace='rgb', contrast=1.0, depth=0.0, flipHoriz=False, flipVert=False, font='Arial', fontFiles=[], height=0.1, italic=False, languageStyle='LTR', name='text', opacity=1, ori=0, pos=array([0., 0.]), rgb=UNKNOWN, text=str(...), units='norm', win=Window(...), wrapWidth=1)
8.2634 	EXP 	Created A = Rect(__class__=<class 'psychopy.visual.rect.Rect'>, autoDraw=False, autoLog=True, closeShape=True, color=method-wrapper(...), colorSpace='rgb', contrast=None, depth=-1.0, fillColor=array([1, 1, 1]), fillColorSpace='rgb', fillRGB=array([1, 1, 1]), interpolate=True, lineColor=array([1., 1., 1.]), lineColorSpace='rgb', lineRGB=array([1, 1, 1]), lineWidth=1, name='A', opacity=1, ori=0.0, pos=array([0., 0.]), size=array([1., 1.]), units='cm', vertices=ndarray(...), win=Window(...))
8.2644 	EXP 	Created B = Rect(__class__=<class 'psychopy.visual.rect.Rect'>, autoDraw=False, autoLog=True, closeShape=True, color=method-wrapper(...), colorSpace='rgb', contrast=None, depth=-2.0, fillColor=array([1, 1, 1]), fillColorSpace='rgb', fillRGB=array([1, 1, 1]), interpolate=True, lineColor=array([1., 1., 1.]), lineColorSpace='rgb', lineRGB=array([1, 1, 1]), lineWidth=1, name='B', opacity=1, ori=0.0, pos=array([0., 0.]), size=array([1., 1.]), units='cm', vertices=ndarray(...), win=Window(...))
8.2744 	EXP 	Created text_2 = TextStim(__class__=<class 'psychopy.visual.text.TextStim'>, alignHoriz=method-wrapper(...), alignText='center', alignVert=method-wrapper(...), anchorHoriz='center', anchorVert='center', antialias=True, autoLog=True, bold=False, color=array([1., 1., 1.]), colorSpace='rgb', contrast=1.0, depth=-5.0, flipHoriz=False, flipVert=False, font='Open Sans', fontFiles=[], height=0.1, italic=False, languageStyle='LTR', name='text_2', opacity=1, ori=0.0, pos=array([0., 0.]), rgb=UNKNOWN, text='Please record your answer ', units='norm', win=Window(...), wrapWidth=1)
8.3087 	EXP 	text: autoDraw = True
9.5988 	WARNING 	Got keycode {} but that code isn't yet known
9.5989 	WARNING 	Keypress was given unknown key code (44)
9.6032 	EXP 	Created sequence: random, trialTypes=1, nReps=60, seed=None
9.6041 	EXP 	New trial (rep=0, index=0): None
9.7047 	EXP 	text: autoDraw = False
9.7123 	EXP 	A: autoDraw = True
9.7123 	EXP 	B: autoDraw = True
11.5954 	EXP 	window1: recordFrameIntervals = False
11.6122 	EXP 	window1: recordFrameIntervals = False
11.8899 	EXP 	A: autoDraw = False
11.8899 	EXP 	B: autoDraw = False
11.8899 	EXP 	text_2: autoDraw = True
20.5947 	DATA 	Keypress: lalt
23.0573 	DATA 	Keypress: escape
23.3709 	EXP 	window1: mouseVisible = True
